[21:53:11] [main/INFO]: Loading tweak class name cpw.mods.fml.common.launcher.FMLTweaker
[21:53:11] [main/INFO]: Using primary tweak class name cpw.mods.fml.common.launcher.FMLTweaker
[21:53:11] [main/INFO]: Calling tweak class cpw.mods.fml.common.launcher.FMLTweaker
[21:53:11] [main/INFO]: Forge Mod Loader version 7.2.156.1057 for Minecraft 1.7.2 loading
[21:53:11] [main/INFO]: Java is Java HotSpot(TM) 64-Bit Server VM, version 1.7.0_51, running on Windows 7:amd64:6.1, installed at C:\Program Files\Java\jdk1.7.0_51\jre
[21:53:11] [main/INFO]: Managed to load a deobfuscated Minecraft name- we are in a deobfuscated environment. Skipping runtime deobfuscation
[21:53:11] [main/INFO]: Loading tweak class name cpw.mods.fml.common.launcher.FMLInjectionAndSortingTweaker
[21:53:11] [main/INFO]: Loading tweak class name cpw.mods.fml.common.launcher.FMLDeobfTweaker
[21:53:11] [main/INFO]: Calling tweak class cpw.mods.fml.common.launcher.FMLInjectionAndSortingTweaker
[21:53:11] [main/INFO]: Calling tweak class cpw.mods.fml.common.launcher.FMLInjectionAndSortingTweaker
[21:53:11] [main/INFO]: Calling tweak class cpw.mods.fml.relauncher.CoreModManager$FMLPluginWrapper
[21:53:11] [main/ERROR]: The binary patch set is missing. Either you are in a development environment, or things are not going to work!
[21:53:12] [main/ERROR]: The minecraft jar file:/C:/Users/Chadd%20A%20Crews/.gradle/caches/minecraft/net/minecraftforge/forge/1.7.2-10.12.0.1057/forgeSrc-1.7.2-10.12.0.1057.jar!/net/minecraft/client/ClientBrandRetriever.class appears to be corrupt! There has been CRITICAL TAMPERING WITH MINECRAFT, it is highly unlikely minecraft will work! STOP NOW, get a clean copy and try again!
[21:53:12] [main/ERROR]: FML has been ordered to ignore the invalid or missing minecraft certificate. This is very likely to cause a problem!
[21:53:12] [main/ERROR]: Technical information: ClientBrandRetriever was at jar:file:/C:/Users/Chadd%20A%20Crews/.gradle/caches/minecraft/net/minecraftforge/forge/1.7.2-10.12.0.1057/forgeSrc-1.7.2-10.12.0.1057.jar!/net/minecraft/client/ClientBrandRetriever.class, there were 0 certificates for it
[21:53:12] [main/ERROR]: FML appears to be missing any signature data. This is not a good thing
[21:53:12] [main/INFO]: Calling tweak class cpw.mods.fml.relauncher.CoreModManager$FMLPluginWrapper
[21:53:12] [main/INFO]: Calling tweak class cpw.mods.fml.common.launcher.FMLDeobfTweaker
[21:53:13] [main/INFO]: Launching wrapped minecraft {net.minecraft.client.main.Main}
[21:53:16] [main/INFO]: Setting user: Player776
[21:53:17] [Client thread/INFO]: LWJGL Version: 2.9.0
[21:53:18] [Client thread/INFO]: Attempting early MinecraftForge initialization
[21:53:18] [Client thread/INFO]: MinecraftForge v10.12.0.1057 Initialized
[21:53:18] [Client thread/INFO]: Replaced 141 ore recipies
[21:53:18] [Client thread/INFO]: Completed early MinecraftForge initialization
[21:53:18] [Client thread/INFO]: Searching C:\development\zakgruzacode\Substrata\eclipse\mods for mods
[21:53:19] [Client thread/ERROR]: FML has detected a mod that is using a package name based on 'net.minecraft.src' : net.minecraft.src.FMLRenderAccessLibrary. This is generally a severe programming error.  There should be no mod code in the minecraft namespace. MOVE YOUR MOD! If you're in eclipse, select your source code and 'refactor' it into a new package. Go on. DO IT NOW!
[21:53:21] [Client thread/INFO]: Forge Mod Loader has identified 4 mods to load
[21:53:21] [Client thread/INFO]: Reloading ResourceManager: Default, FMLFileResourcePack:Forge Mod Loader, FMLFileResourcePack:Minecraft Forge, FMLFileResourcePack:Substrata
[21:53:21] [Client thread/INFO]: Configured a dormant chunk cache size of 0
[21:53:22] [Sound Library Loader/INFO]: Sound engine started
[21:53:22] [Client thread/ERROR]: Using missing texture, unable to load substrata:textures/blocks/scoria.png
java.io.FileNotFoundException: substrata:textures/blocks/scoria.png
	at net.minecraft.client.resources.SimpleReloadableResourceManager.getResource(SimpleReloadableResourceManager.java:71) ~[SimpleReloadableResourceManager.class:?]
	at net.minecraft.client.renderer.texture.TextureMap.loadTextureAtlas(TextureMap.java:126) [TextureMap.class:?]
	at net.minecraft.client.renderer.texture.TextureMap.loadTexture(TextureMap.java:91) [TextureMap.class:?]
	at net.minecraft.client.renderer.texture.TextureManager.loadTexture(TextureManager.java:89) [TextureManager.class:?]
	at net.minecraft.client.renderer.texture.TextureManager.loadTickableTexture(TextureManager.java:71) [TextureManager.class:?]
	at net.minecraft.client.renderer.texture.TextureManager.loadTextureMap(TextureManager.java:58) [TextureManager.class:?]
	at net.minecraft.client.Minecraft.startGame(Minecraft.java:579) [Minecraft.class:?]
	at net.minecraft.client.Minecraft.run(Minecraft.java:890) [Minecraft.class:?]
	at net.minecraft.client.main.Main.main(Main.java:112) [Main.class:?]
	at sun.reflect.NativeMethodAccessorImpl.invoke0(Native Method) ~[?:1.7.0_51]
	at sun.reflect.NativeMethodAccessorImpl.invoke(NativeMethodAccessorImpl.java:57) ~[?:1.7.0_51]
	at sun.reflect.DelegatingMethodAccessorImpl.invoke(DelegatingMethodAccessorImpl.java:43) ~[?:1.7.0_51]
	at java.lang.reflect.Method.invoke(Method.java:606) ~[?:1.7.0_51]
	at net.minecraft.launchwrapper.Launch.launch(Launch.java:134) [launchwrapper-1.9.jar:?]
	at net.minecraft.launchwrapper.Launch.main(Launch.java:28) [launchwrapper-1.9.jar:?]
[21:53:23] [Client thread/INFO]: Created: 512x256 textures/blocks-atlas
[21:53:23] [Client thread/INFO]: Created: 256x256 textures/items-atlas
[21:53:23] [Client thread/INFO]: Forge Mod Loader has successfully loaded 4 mods
[21:53:23] [Client thread/INFO]: Reloading ResourceManager: Default, FMLFileResourcePack:Forge Mod Loader, FMLFileResourcePack:Minecraft Forge, FMLFileResourcePack:Substrata
[21:53:23] [Client thread/INFO]: Created: 256x256 textures/items-atlas
[21:53:23] [Client thread/ERROR]: Using missing texture, unable to load substrata:textures/blocks/scoria.png
java.io.FileNotFoundException: substrata:textures/blocks/scoria.png
	at net.minecraft.client.resources.SimpleReloadableResourceManager.getResource(SimpleReloadableResourceManager.java:71) ~[SimpleReloadableResourceManager.class:?]
	at net.minecraft.client.renderer.texture.TextureMap.loadTextureAtlas(TextureMap.java:126) [TextureMap.class:?]
	at net.minecraft.client.renderer.texture.TextureMap.loadTexture(TextureMap.java:91) [TextureMap.class:?]
	at net.minecraft.client.renderer.texture.TextureManager.loadTexture(TextureManager.java:89) [TextureManager.class:?]
	at net.minecraft.client.renderer.texture.TextureManager.onResourceManagerReload(TextureManager.java:170) [TextureManager.class:?]
	at net.minecraft.client.resources.SimpleReloadableResourceManager.notifyReloadListeners(SimpleReloadableResourceManager.java:134) [SimpleReloadableResourceManager.class:?]
	at net.minecraft.client.resources.SimpleReloadableResourceManager.reloadResources(SimpleReloadableResourceManager.java:118) [SimpleReloadableResourceManager.class:?]
	at net.minecraft.client.Minecraft.refreshResources(Minecraft.java:624) [Minecraft.class:?]
	at cpw.mods.fml.client.FMLClientHandler.finishMinecraftLoading(FMLClientHandler.java:283) [FMLClientHandler.class:?]
	at net.minecraft.client.Minecraft.startGame(Minecraft.java:583) [Minecraft.class:?]
	at net.minecraft.client.Minecraft.run(Minecraft.java:890) [Minecraft.class:?]
	at net.minecraft.client.main.Main.main(Main.java:112) [Main.class:?]
	at sun.reflect.NativeMethodAccessorImpl.invoke0(Native Method) ~[?:1.7.0_51]
	at sun.reflect.NativeMethodAccessorImpl.invoke(NativeMethodAccessorImpl.java:57) ~[?:1.7.0_51]
	at sun.reflect.DelegatingMethodAccessorImpl.invoke(DelegatingMethodAccessorImpl.java:43) ~[?:1.7.0_51]
	at java.lang.reflect.Method.invoke(Method.java:606) ~[?:1.7.0_51]
	at net.minecraft.launchwrapper.Launch.launch(Launch.java:134) [launchwrapper-1.9.jar:?]
	at net.minecraft.launchwrapper.Launch.main(Launch.java:28) [launchwrapper-1.9.jar:?]
[21:53:23] [Client thread/INFO]: Created: 512x256 textures/blocks-atlas
[21:53:24] [Sound Library Loader/INFO]: Sound engine started
[21:53:26] [MCO Availability Checker #1/ERROR]: Couldn't connect to Realms
[21:53:29] [Client thread/INFO]: Stopping!
